<?xml version="1.0" encoding="UTF-8" ?>
<testsuite errors="0" failures="0" hostname="m3800" name="bl.AreaTest" skipped="0" tests="12" time="0.12" timestamp="2019-10-30T09:07:19">
  <properties>
    <property name="libs.spring-framework300.classpath" value="/home/sc/MNT-150GB/DEVEL-TOOLS/netbeans/ide/modules/org-apache-commons-logging.jar:/home/sc/MNT-150GB/DEVEL-TOOLS/netbeans/java/modules/ext/cglib-2.2.jar:/home/sc/MNT-150GB/DEVEL-TOOLS/netbeans/java/modules/ext/spring-3.0/spring-aop-3.2.7.RELEASE.jar:/home/sc/MNT-150GB/DEVEL-TOOLS/netbeans/java/modules/ext/spring-3.0/spring-aspects-3.2.7.RELEASE.jar:/home/sc/MNT-150GB/DEVEL-TOOLS/netbeans/java/modules/ext/spring-3.0/spring-beans-3.2.7.RELEASE.jar:/home/sc/MNT-150GB/DEVEL-TOOLS/netbeans/java/modules/ext/spring-3.0/spring-build-src-3.2.7.RELEASE.jar:/home/sc/MNT-150GB/DEVEL-TOOLS/netbeans/java/modules/ext/spring-3.0/spring-context-3.2.7.RELEASE.jar:/home/sc/MNT-150GB/DEVEL-TOOLS/netbeans/java/modules/ext/spring-3.0/spring-context-support-3.2.7.RELEASE.jar:/home/sc/MNT-150GB/DEVEL-TOOLS/netbeans/java/modules/ext/spring-3.0/spring-core-3.2.7.RELEASE.jar:/home/sc/MNT-150GB/DEVEL-TOOLS/netbeans/java/modules/ext/spring-3.0/spring-expression-3.2.7.RELEASE.jar:/home/sc/MNT-150GB/DEVEL-TOOLS/netbeans/java/modules/ext/spring-3.0/spring-framework-bom-3.2.7.RELEASE.jar:/home/sc/MNT-150GB/DEVEL-TOOLS/netbeans/java/modules/ext/spring-3.0/spring-instrument-3.2.7.RELEASE.jar:/home/sc/MNT-150GB/DEVEL-TOOLS/netbeans/java/modules/ext/spring-3.0/spring-instrument-tomcat-3.2.7.RELEASE.jar:/home/sc/MNT-150GB/DEVEL-TOOLS/netbeans/java/modules/ext/spring-3.0/spring-jdbc-3.2.7.RELEASE.jar:/home/sc/MNT-150GB/DEVEL-TOOLS/netbeans/java/modules/ext/spring-3.0/spring-jms-3.2.7.RELEASE.jar:/home/sc/MNT-150GB/DEVEL-TOOLS/netbeans/java/modules/ext/spring-3.0/spring-orm-3.2.7.RELEASE.jar:/home/sc/MNT-150GB/DEVEL-TOOLS/netbeans/java/modules/ext/spring-3.0/spring-oxm-3.2.7.RELEASE.jar:/home/sc/MNT-150GB/DEVEL-TOOLS/netbeans/java/modules/ext/spring-3.0/spring-struts-3.2.7.RELEASE.jar:/home/sc/MNT-150GB/DEVEL-TOOLS/netbeans/java/modules/ext/spring-3.0/spring-test-3.2.7.RELEASE.jar:/home/sc/MNT-150GB/DEVEL-TOOLS/netbeans/java/modules/ext/spring-3.0/spring-tx-3.2.7.RELEASE.jar:/home/sc/MNT-150GB/DEVEL-TOOLS/netbeans/java/modules/ext/spring-3.0/spring-web-3.2.7.RELEASE.jar:/home/sc/MNT-150GB/DEVEL-TOOLS/netbeans/java/modules/ext/spring-3.0/spring-webmvc-3.2.7.RELEASE.jar:/home/sc/MNT-150GB/DEVEL-TOOLS/netbeans/java/modules/ext/spring-3.0/spring-webmvc-portlet-3.2.7.RELEASE.jar" />
    <property name="javac.test.classpath" value=":build/classes:dist/lib/junit-4.13-rc-1.jar:dist/lib/hamcrest-core-1.3.jar" />
    <property name="java.specification.version" value="12" />
    <property name="ant.file.type.plf2_TelNumberApp" value="file" />
    <property name="jar.index.metainf" value="false" />
    <property name="libs.spring-webmvc4.0.javadoc" value="" />
    <property name="libs.spring-framework400.classpath" value="/home/sc/MNT-150GB/DEVEL-TOOLS/netbeans/ide/modules/org-apache-commons-logging.jar:/home/sc/MNT-150GB/DEVEL-TOOLS/netbeans/java/modules/ext/cglib-2.2.jar:/home/sc/MNT-150GB/DEVEL-TOOLS/netbeans/java/modules/ext/spring-4/spring-aop-4.0.1.RELEASE.jar:/home/sc/MNT-150GB/DEVEL-TOOLS/netbeans/java/modules/ext/spring-4/spring-aspects-4.0.1.RELEASE.jar:/home/sc/MNT-150GB/DEVEL-TOOLS/netbeans/java/modules/ext/spring-4/spring-beans-4.0.1.RELEASE.jar:/home/sc/MNT-150GB/DEVEL-TOOLS/netbeans/java/modules/ext/spring-4/spring-build-src-4.0.1.RELEASE.jar:/home/sc/MNT-150GB/DEVEL-TOOLS/netbeans/java/modules/ext/spring-4/spring-context-4.0.1.RELEASE.jar:/home/sc/MNT-150GB/DEVEL-TOOLS/netbeans/java/modules/ext/spring-4/spring-context-support-4.0.1.RELEASE.jar:/home/sc/MNT-150GB/DEVEL-TOOLS/netbeans/java/modules/ext/spring-4/spring-core-4.0.1.RELEASE.jar:/home/sc/MNT-150GB/DEVEL-TOOLS/netbeans/java/modules/ext/spring-4/spring-expression-4.0.1.RELEASE.jar:/home/sc/MNT-150GB/DEVEL-TOOLS/netbeans/java/modules/ext/spring-4/spring-framework-bom-4.0.1.RELEASE.jar:/home/sc/MNT-150GB/DEVEL-TOOLS/netbeans/java/modules/ext/spring-4/spring-instrument-4.0.1.RELEASE.jar:/home/sc/MNT-150GB/DEVEL-TOOLS/netbeans/java/modules/ext/spring-4/spring-instrument-tomcat-4.0.1.RELEASE.jar:/home/sc/MNT-150GB/DEVEL-TOOLS/netbeans/java/modules/ext/spring-4/spring-jdbc-4.0.1.RELEASE.jar:/home/sc/MNT-150GB/DEVEL-TOOLS/netbeans/java/modules/ext/spring-4/spring-jms-4.0.1.RELEASE.jar:/home/sc/MNT-150GB/DEVEL-TOOLS/netbeans/java/modules/ext/spring-4/spring-messaging-4.0.1.RELEASE.jar:/home/sc/MNT-150GB/DEVEL-TOOLS/netbeans/java/modules/ext/spring-4/spring-orm-4.0.1.RELEASE.jar:/home/sc/MNT-150GB/DEVEL-TOOLS/netbeans/java/modules/ext/spring-4/spring-oxm-4.0.1.RELEASE.jar:/home/sc/MNT-150GB/DEVEL-TOOLS/netbeans/java/modules/ext/spring-4/spring-test-4.0.1.RELEASE.jar:/home/sc/MNT-150GB/DEVEL-TOOLS/netbeans/java/modules/ext/spring-4/spring-tx-4.0.1.RELEASE.jar:/home/sc/MNT-150GB/DEVEL-TOOLS/netbeans/java/modules/ext/spring-4/spring-web-4.0.1.RELEASE.jar:/home/sc/MNT-150GB/DEVEL-TOOLS/netbeans/java/modules/ext/spring-4/spring-webmvc-4.0.1.RELEASE.jar:/home/sc/MNT-150GB/DEVEL-TOOLS/netbeans/java/modules/ext/spring-4/spring-webmvc-portlet-4.0.1.RELEASE.jar:/home/sc/MNT-150GB/DEVEL-TOOLS/netbeans/java/modules/ext/spring-4/spring-websocket-4.0.1.RELEASE.jar" />
    <property name="test.binaryincludes" value="&lt;nothing&gt;" />
    <property name="do.jlink" value="false" />
    <property name="debug-transport" value="dt_socket" />
    <property name="java.vendor.url" value="https://java.oracle.com/" />
    <property name="debug.modulepath" value="" />
    <property name="libs.eclipselink.javadoc" value="" />
    <property name="libs.jsp-compilation.src" value="" />
    <property name="libs.JWSAntTasks.javadoc" value="" />
    <property name="sun.boot.library.path" value="/home/sc/MNT-150GB/DEVEL-TOOLS/java/jdk-12.0.2/lib" />
    <property name="sun.java.command" value="org.apache.tools.ant.taskdefs.optional.junit.JUnitTestRunner bl.AreaTest skipNonTests=false filtertrace=true haltOnError=false haltOnFailure=false showoutput=true outputtoformatters=true logfailedtests=true threadid=0 logtestlistenerevents=true formatter=org.apache.tools.ant.taskdefs.optional.junit.BriefJUnitResultFormatter formatter=org.apache.tools.ant.taskdefs.optional.junit.XMLJUnitResultFormatter,/home/sc/MNT-150GB/NC/NOCOMMENT/SC_ALL/GIT/jenkins/plf2_TelNumberApp/build/test/results/TEST-bl.AreaTest.xml crashfile=/home/sc/MNT-150GB/NC/NOCOMMENT/SC_ALL/GIT/jenkins/plf2_TelNumberApp/build/junitvmwatcher6536315159827717480.properties propsfile=/home/sc/MNT-150GB/NC/NOCOMMENT/SC_ALL/GIT/jenkins/plf2_TelNumberApp/build/junit15863236708217306089.properties" />
    <property name="jdk.debug" value="release" />
    <property name="libs.spring-framework300.src" value="" />
    <property name="javadoc.use" value="true" />
    <property name="libs.javac-api.maven-pom" value="" />
    <property name="javadoc.notree" value="false" />
    <property name="basedir" value="/home/sc/MNT-150GB/NC/NOCOMMENT/SC_ALL/GIT/jenkins/plf2_TelNumberApp" />
    <property name="application.vendor" value="sc" />
    <property name="java.specification.name" value="Java Platform API Specification" />
    <property name="java.vm.specification.vendor" value="Oracle Corporation" />
    <property name="libs.javac-api.javadoc" value="" />
    <property name="libs.jsf20.classpath" value="/home/sc/MNT-150GB/DEVEL-TOOLS/netbeans/enterprise/modules/ext/jsf-2_2/javax.faces.jar" />
    <property name="netbeans.extbrowser.manual_chrome_plugin_install" value="yes" />
    <property name="netbeans.default_userdir_root" value="/home/sc/.netbeans" />
    <property name="libs.jsp-compilation-syscp.src" value="" />
    <property name="jdk.home" value="/home/sc/MNT-150GB/DEVEL-TOOLS/java/jdk-12.0.2" />
    <property name="java.runtime.version" value="12.0.2+10" />
    <property name="libs.eclipselink.maven-pom" value="" />
    <property name="libs.metro.maven-pom" value="" />
    <property name="libs.JAXB-ENDORSED.javadoc" value="" />
    <property name="sun.java2d.noddraw" value="true" />
    <property name="sun.zip.disableMemoryMapping" value="true" />
    <property name="libs.maven-dependencies.maven-pom" value="" />
    <property name="libs.primefaces.javadoc" value="" />
    <property name="libs.jsf12.src" value="" />
    <property name="libs.jsp-compilation.javadoc" value="" />
    <property name="libs.groovy-all.maven-pom" value="" />
    <property name="libs.restapi.src" value="" />
    <property name="libs.junit_5.javadoc" value="/home/sc/MNT-150GB/DEVEL-TOOLS/netbeans/platform/docs/junit-jupiter-api-5.3.1-javadoc.jar:/home/sc/MNT-150GB/DEVEL-TOOLS/netbeans/platform/docs/junit-jupiter-params-5.3.1-javadoc.jar:/home/sc/MNT-150GB/DEVEL-TOOLS/netbeans/platform/docs/junit-jupiter-engine-5.3.1-javadoc.jar" />
    <property name="dist.archive.excludes" value="" />
    <property name="java.io.tmpdir" value="/tmp" />
    <property name="java.version" value="12.0.2" />
    <property name="java.vm.specification.name" value="Java Virtual Machine Specification" />
    <property name="libs.hamcrest.src" value="" />
    <property name="java.library.path" value="/usr/java/packages/lib:/usr/lib64:/lib64:/lib:/usr/lib" />
    <property name="java.vendor" value="Oracle Corporation" />
    <property name="libs.groovy-all.src" value="" />
    <property name="libs.testng.javadoc" value="/home/sc/MNT-150GB/DEVEL-TOOLS/netbeans/platform/docs/testng-6.8.1-javadoc.zip" />
    <property name="meta.inf.dir" value="src/META-INF" />
    <property name="compile.on.save" value="true" />
    <property name="libs.testng.maven-pom" value="" />
    <property name="org.openide.version" value="deprecated" />
    <property name="run.classpath" value=":build/classes" />
    <property name="libs.JAVADB_DRIVER_LABEL.src" value="" />
    <property name="libs.jaxb.src" value="" />
    <property name="test.src.dir" value="test" />
    <property name="sun.awt.enableExtraMouseButtons" value="true" />
    <property name="org.openide.major.version" value="IDE/1" />
    <property name="libs.spring-framework300.javadoc" value="" />
    <property name="ap.proc.none.internal" value="" />
    <property name="org.openide.specification.version" value="6.2" />
    <property name="user.timezone" value="Europe/Vienna" />
    <property name="jar.index" value="false" />
    <property name="libs.jpa20-persistence.classpath" value="/home/sc/MNT-150GB/DEVEL-TOOLS/netbeans/java/modules/ext/eclipselink/javax.persistence-2.1.0.jar" />
    <property name="java.vm.specification.version" value="12" />
    <property name="libs.junit_5.classpath" value="/home/sc/MNT-150GB/DEVEL-TOOLS/netbeans/platform/modules/ext/junit-jupiter-api-5.3.1.jar:/home/sc/MNT-150GB/DEVEL-TOOLS/netbeans/platform/modules/ext/junit-jupiter-params-5.3.1.jar:/home/sc/MNT-150GB/DEVEL-TOOLS/netbeans/platform/modules/ext/junit-jupiter-engine-5.3.1.jar" />
    <property name="libs.eclipselinkmodelgen.javadoc" value="" />
    <property name="javadoc.noindex" value="false" />
    <property name="javadoc.private" value="false" />
    <property name="libs.spring-webmvc4.0.maven-pom" value="" />
    <property name="libs.JAXB-ENDORSED.maven-pom" value="" />
    <property name="user.home" value="/home/sc" />
    <property name="libs.eclipselinkmodelgen.maven-pom" value="" />
    <property name="have.sources" value="true" />
    <property name="annotation.processing.processors.list" value="" />
    <property name="jlink.launcher" value="false" />
    <property name="javac.deprecation" value="false" />
    <property name="build.generated.sources.dir" value="build/generated-sources" />
    <property name="plugin.manager.check.updates" value="false" />
    <property name="netbeans.autoupdate.language" value="de" />
    <property name="libs.eclipselinkmodelgen.src" value="" />
    <property name="build.compiler.emacs" value="true" />
    <property name="build.classes.excludes" value="**/*.java,**/*.form" />
    <property name="dist.jar" value="dist/plf2_TelNumberApp.jar" />
    <property name="libs.spring-webmvc4.0.classpath" value="/home/sc/MNT-150GB/DEVEL-TOOLS/netbeans/java/modules/ext/spring-4/spring-webmvc-4.0.1.RELEASE.jar" />
    <property name="libs.javaee-endorsed-api-7.0.javadoc" value="/home/sc/MNT-150GB/DEVEL-TOOLS/netbeans/enterprise/docs/javaee-doc-api.jar" />
    <property name="os.version" value="5.0.0-32-generic" />
    <property name="netbeans.home" value="/home/sc/MNT-150GB/DEVEL-TOOLS/netbeans/platform" />
    <property name="libs.CopyLibs.javadoc" value="" />
    <property name="debug-transport-by-os" value="dt_socket" />
    <property name="libs.jsf20.src" value="" />
    <property name="java.vm.name" value="Java HotSpot(TM) 64-Bit Server VM" />
    <property name="libs.jstl.javadoc" value="/home/sc/MNT-150GB/DEVEL-TOOLS/netbeans/enterprise/docs/javaee-doc-api.jar" />
    <property name="libs.javaee-endorsed-api-7.0.maven-pom" value="" />
    <property name="libs.jaxws21.classpath" value="/home/sc/MNT-150GB/DEVEL-TOOLS/netbeans/java/modules/ext/jaxws22/FastInfoset.jar:/home/sc/MNT-150GB/DEVEL-TOOLS/netbeans/java/modules/ext/jaxws22/gmbal-api-only.jar:/home/sc/MNT-150GB/DEVEL-TOOLS/netbeans/java/modules/ext/jaxws22/ha-api.jar:/home/sc/MNT-150GB/DEVEL-TOOLS/netbeans/java/modules/ext/jaxws22/javax.mail_1.4.jar:/home/sc/MNT-150GB/DEVEL-TOOLS/netbeans/java/modules/ext/jaxws22/jaxws-rt.jar:/home/sc/MNT-150GB/DEVEL-TOOLS/netbeans/java/modules/ext/jaxws22/jaxws-tools.jar:/home/sc/MNT-150GB/DEVEL-TOOLS/netbeans/java/modules/ext/jaxws22/management-api.jar:/home/sc/MNT-150GB/DEVEL-TOOLS/netbeans/java/modules/ext/jaxws22/mimepull.jar:/home/sc/MNT-150GB/DEVEL-TOOLS/netbeans/java/modules/ext/jaxws22/policy.jar:/home/sc/MNT-150GB/DEVEL-TOOLS/netbeans/java/modules/ext/jaxws22/saaj-impl.jar:/home/sc/MNT-150GB/DEVEL-TOOLS/netbeans/java/modules/ext/jaxws22/stax-ex.jar:/home/sc/MNT-150GB/DEVEL-TOOLS/netbeans/java/modules/ext/jaxws22/stax2-api.jar:/home/sc/MNT-150GB/DEVEL-TOOLS/netbeans/java/modules/ext/jaxws22/streambuffer.jar:/home/sc/MNT-150GB/DEVEL-TOOLS/netbeans/java/modules/ext/jaxws22/woodstox-core-asl.jar:/home/sc/MNT-150GB/DEVEL-TOOLS/netbeans/java/modules/ext/jaxws22/api/jaxws-api.jar:/home/sc/MNT-150GB/DEVEL-TOOLS/netbeans/java/modules/ext/jaxws22/api/jsr181-api.jar:/home/sc/MNT-150GB/DEVEL-TOOLS/netbeans/java/modules/ext/jaxws22/api/javax.annotation.jar:/home/sc/MNT-150GB/DEVEL-TOOLS/netbeans/java/modules/ext/jaxws22/api/saaj-api.jar:/home/sc/MNT-150GB/DEVEL-TOOLS/netbeans/ide/modules/ext/jaxb/activation.jar:/home/sc/MNT-150GB/DEVEL-TOOLS/netbeans/ide/modules/ext/jaxb/api/jaxb-api.jar" />
    <property name="libs.restapi.classpath" value="/home/sc/MNT-150GB/DEVEL-TOOLS/netbeans/enterprise/modules/ext/jaxrs-2.0/javax.ws.rs-api-2.0.jar" />
    <property name="os.arch" value="amd64" />
    <property name="build.generated.dir" value="build/generated" />
    <property name="libs.groovy-all.javadoc" value="" />
    <property name="libs.javaee-web-api-7.0.javadoc" value="/home/sc/MNT-150GB/DEVEL-TOOLS/netbeans/enterprise/docs/javaee-doc-api.jar" />
    <property name="libs.jsf12.maven-pom" value="" />
    <property name="libs.javaee-endorsed-api-7.0.classpath" value="/home/sc/MNT-150GB/DEVEL-TOOLS/netbeans/enterprise/modules/ext/javaee7-endorsed/javax.annotation-api.jar:/home/sc/MNT-150GB/DEVEL-TOOLS/netbeans/enterprise/modules/ext/javaee7-endorsed/javax.xml.soap-api.jar:/home/sc/MNT-150GB/DEVEL-TOOLS/netbeans/enterprise/modules/ext/javaee7-endorsed/jaxb-api-osgi.jar:/home/sc/MNT-150GB/DEVEL-TOOLS/netbeans/enterprise/modules/ext/javaee7-endorsed/jaxws-api.jar:/home/sc/MNT-150GB/DEVEL-TOOLS/netbeans/enterprise/modules/ext/javaee7-endorsed/jsr181-api.jar" />
    <property name="org.netbeans.io.suspend" value="0" />
    <property name="libs.primefaces.maven-pom" value="" />
    <property name="awt.toolkit" value="sun.awt.X11.XToolkit" />
    <property name="ant.project.name" value="plf2_TelNumberApp" />
    <property name="dist.javadoc.dir" value="dist/javadoc" />
    <property name="default.javac.target" value="12" />
    <property name="javac.fork" value="true" />
    <property name="libs.eclipselink.classpath" value="/home/sc/MNT-150GB/DEVEL-TOOLS/netbeans/java/modules/ext/eclipselink/org.eclipse.persistence.core-2.5.2.jar:/home/sc/MNT-150GB/DEVEL-TOOLS/netbeans/java/modules/ext/eclipselink/org.eclipse.persistence.asm-2.5.2.jar:/home/sc/MNT-150GB/DEVEL-TOOLS/netbeans/java/modules/ext/eclipselink/org.eclipse.persistence.antlr-2.5.2.jar:/home/sc/MNT-150GB/DEVEL-TOOLS/netbeans/java/modules/ext/eclipselink/org.eclipse.persistence.jpa-2.5.2.jar:/home/sc/MNT-150GB/DEVEL-TOOLS/netbeans/java/modules/ext/eclipselink/org.eclipse.persistence.jpa.jpql-2.5.2.jar:/home/sc/MNT-150GB/DEVEL-TOOLS/netbeans/java/modules/ext/eclipselink/javax.persistence-2.1.0.jar" />
    <property name="libs.Comet-GlassFish-v3.classpath" value="" />
    <property name="ant.file.type.plf2_TelNumberApp-impl" value="file" />
    <property name="libs.javac-api.classpath" value="" />
    <property name="libs.Comet-GlassFish-v3.javadoc" value="" />
    <property name="libs.EclipseLink-GlassFish-v3.src" value="" />
    <property name="libs.struts.classpath" value="/home/sc/MNT-150GB/DEVEL-TOOLS/netbeans/enterprise/modules/ext/struts/antlr-2.7.2.jar:/home/sc/MNT-150GB/DEVEL-TOOLS/netbeans/enterprise/modules/ext/struts/bsf-2.3.0.jar:/home/sc/MNT-150GB/DEVEL-TOOLS/netbeans/enterprise/modules/ext/struts/commons-beanutils-1.8.0.jar:/home/sc/MNT-150GB/DEVEL-TOOLS/netbeans/enterprise/modules/ext/struts/commons-chain-1.2.jar:/home/sc/MNT-150GB/DEVEL-TOOLS/netbeans/enterprise/modules/ext/struts/commons-digester-1.8.jar:/home/sc/MNT-150GB/DEVEL-TOOLS/netbeans/enterprise/modules/ext/struts/commons-fileupload-1.1.1.jar:/home/sc/MNT-150GB/DEVEL-TOOLS/netbeans/enterprise/modules/ext/struts/commons-io-1.1.jar:/home/sc/MNT-150GB/DEVEL-TOOLS/netbeans/enterprise/modules/ext/struts/commons-logging-1.0.4.jar:/home/sc/MNT-150GB/DEVEL-TOOLS/netbeans/enterprise/modules/ext/struts/commons-validator-1.3.1.jar:/home/sc/MNT-150GB/DEVEL-TOOLS/netbeans/enterprise/modules/ext/struts/jstl-1.0.2.jar:/home/sc/MNT-150GB/DEVEL-TOOLS/netbeans/enterprise/modules/ext/struts/oro-2.0.8.jar:/home/sc/MNT-150GB/DEVEL-TOOLS/netbeans/enterprise/modules/ext/struts/standard-1.0.6.jar:/home/sc/MNT-150GB/DEVEL-TOOLS/netbeans/enterprise/modules/ext/struts/struts-core-1.3.10.jar:/home/sc/MNT-150GB/DEVEL-TOOLS/netbeans/enterprise/modules/ext/struts/struts-el-1.3.10.jar:/home/sc/MNT-150GB/DEVEL-TOOLS/netbeans/enterprise/modules/ext/struts/struts-extras-1.3.10.jar:/home/sc/MNT-150GB/DEVEL-TOOLS/netbeans/enterprise/modules/ext/struts/struts-faces-1.3.10.jar:/home/sc/MNT-150GB/DEVEL-TOOLS/netbeans/enterprise/modules/ext/struts/struts-mailreader-dao-1.3.10.jar:/home/sc/MNT-150GB/DEVEL-TOOLS/netbeans/enterprise/modules/ext/struts/struts-scripting-1.3.10.jar:/home/sc/MNT-150GB/DEVEL-TOOLS/netbeans/enterprise/modules/ext/struts/struts-taglib-1.3.10.jar:/home/sc/MNT-150GB/DEVEL-TOOLS/netbeans/enterprise/modules/ext/struts/struts-tiles-1.3.10.jar" />
    <property name="libs.PostgreSQLDriver.maven-pom" value="" />
    <property name="libs.absolutelayout.src" value="" />
    <property name="testng.mode" value="testng" />
    <property name="annotation.processing.enabled.in.editor" value="false" />
    <property name="java.vm.compressedOopsMode" value="Zero based" />
    <property name="netbeans.productversion" value="Apache NetBeans IDE 11.0 (Build incubator-netbeans-release-404-on-20190319)" />
    <property name="mkdist.disabled" value="false" />
    <property name="libs.javaee-web-api-6.0.javadoc" value="/home/sc/MNT-150GB/DEVEL-TOOLS/netbeans/enterprise/docs/javaee-doc-api.jar" />
    <property name="file.reference.junit-4.13-rc-1.jar" value="dist/lib/junit-4.13-rc-1.jar" />
    <property name="libs.javaee-api-7.0.maven-pom" value="" />
    <property name="libs.groovy-all.classpath" value="/home/sc/MNT-150GB/DEVEL-TOOLS/netbeans/groovy/modules/ext/groovy.jar:/home/sc/MNT-150GB/DEVEL-TOOLS/netbeans/groovy/modules/ext/groovy-ant.jar" />
    <property name="libs.absolutelayout.javadoc" value="" />
    <property name="libs.Java-EE-GlassFish-v3-Prelude.javadoc" value="/home/sc/MNT-150GB/DEVEL-TOOLS/netbeans-8.2/enterprise/docs/javaee-doc-api.jar" />
    <property name="libs.Java-EE-GlassFish-v3-Prelude.maven-pom" value="" />
    <property name="annotation.processing.processor.options" value="" />
    <property name="libs.jaxb.maven-pom" value="" />
    <property name="libs.javaee-api-6.0.maven-pom" value="" />
    <property name="ant.file.plf2_TelNumberApp" value="/home/sc/MNT-150GB/NC/NOCOMMENT/SC_ALL/GIT/jenkins/plf2_TelNumberApp/build.xml" />
    <property name="dist.dir" value="dist" />
    <property name="build.dir" value="build" />
    <property name="netbeans.autoupdate.variant" value="" />
    <property name="javadoc.version" value="false" />
    <property name="libs.metro.src" value="" />
    <property name="libs.metro.classpath" value="/home/sc/MNT-150GB/DEVEL-TOOLS/netbeans/ide/modules/ext/jaxb/activation.jar:/home/sc/MNT-150GB/DEVEL-TOOLS/netbeans/enterprise/modules/ext/metro/webservices-api.jar:/home/sc/MNT-150GB/DEVEL-TOOLS/netbeans/enterprise/modules/ext/metro/webservices-extra-api.jar:/home/sc/MNT-150GB/DEVEL-TOOLS/netbeans/enterprise/modules/ext/metro/webservices-extra.jar:/home/sc/MNT-150GB/DEVEL-TOOLS/netbeans/enterprise/modules/ext/metro/webservices-rt.jar:/home/sc/MNT-150GB/DEVEL-TOOLS/netbeans/enterprise/modules/ext/metro/webservices-tools.jar" />
    <property name="libs.CopyLibs.classpath" value="/home/sc/MNT-150GB/DEVEL-TOOLS/netbeans/java/ant/extra/org-netbeans-modules-java-j2seproject-copylibstask.jar" />
    <property name="javadoc.html5" value="false" />
    <property name="javac.test.processorpath" value=":build/classes:dist/lib/junit-4.13-rc-1.jar:dist/lib/hamcrest-core-1.3.jar" />
    <property name="libs.javaee-web-api-7.0.maven-pom" value="" />
    <property name="netbeans.dirs" value="/home/sc/MNT-150GB/DEVEL-TOOLS/netbeans/nb:/home/sc/MNT-150GB/DEVEL-TOOLS/netbeans/ergonomics:/home/sc/MNT-150GB/DEVEL-TOOLS/netbeans/ide:/home/sc/MNT-150GB/DEVEL-TOOLS/netbeans/extide:/home/sc/MNT-150GB/DEVEL-TOOLS/netbeans/java:/home/sc/MNT-150GB/DEVEL-TOOLS/netbeans/apisupport:/home/sc/MNT-150GB/DEVEL-TOOLS/netbeans/webcommon:/home/sc/MNT-150GB/DEVEL-TOOLS/netbeans/websvccommon:/home/sc/MNT-150GB/DEVEL-TOOLS/netbeans/enterprise:/home/sc/MNT-150GB/DEVEL-TOOLS/netbeans/mobility:/home/sc/MNT-150GB/DEVEL-TOOLS/netbeans/profiler:/home/sc/MNT-150GB/DEVEL-TOOLS/netbeans/python:/home/sc/MNT-150GB/DEVEL-TOOLS/netbeans/php:/home/sc/MNT-150GB/DEVEL-TOOLS/netbeans/identity:/home/sc/MNT-150GB/DEVEL-TOOLS/netbeans/harness:/home/sc/MNT-150GB/DEVEL-TOOLS/netbeans/cnd:/home/sc/MNT-150GB/DEVEL-TOOLS/netbeans/cndext:/home/sc/MNT-150GB/DEVEL-TOOLS/netbeans/dlight:/home/sc/MNT-150GB/DEVEL-TOOLS/netbeans/groovy:/home/sc/MNT-150GB/DEVEL-TOOLS/netbeans/extra:/home/sc/MNT-150GB/DEVEL-TOOLS/netbeans/javacard:/home/sc/MNT-150GB/DEVEL-TOOLS/netbeans/javafx:" />
    <property name="libs.JAVADB_DRIVER_LABEL.javadoc" value="" />
    <property name="libs.hamcrest.maven-pom" value="" />
    <property name="javac.processorpath" value="" />
    <property name="libs.javaee-api-6.0.javadoc" value="/home/sc/MNT-150GB/DEVEL-TOOLS/netbeans/enterprise/docs/javaee-doc-api.jar" />
    <property name="libs.JWSAntTasks.maven-pom" value="" />
    <property name="run.modulepath" value="" />
    <property name="do.archive+manifest.available" value="true" />
    <property name="apple.laf.useScreenMenuBar" value="true" />
    <property name="sun.java.launcher" value="SUN_STANDARD" />
    <property name="user.country" value="AT" />
    <property name="libs.jpa20-persistence.src" value="" />
    <property name="libs.restapi.javadoc" value="" />
    <property name="endorsed.classpath" value="" />
    <property name="javac.test.sourcepath" value="/home/sc/MNT-150GB/NC/NOCOMMENT/SC_ALL/GIT/jenkins/plf2_TelNumberApp/build/empty" />
    <property name="libs.spring-webmvc3.0.maven-pom" value="" />
    <property name="includes" value="**" />
    <property name="file.reference.hamcrest-core-1.3.jar" value="dist/lib/hamcrest-core-1.3.jar" />
    <property name="libs.jsf12.javadoc" value="/home/sc/MNT-150GB/DEVEL-TOOLS/netbeans/enterprise/docs/javaee-doc-api.jar" />
    <property name="libs.hamcrest.classpath" value="/home/sc/MNT-150GB/DEVEL-TOOLS/netbeans/platform/modules/ext/hamcrest-core-1.3.jar" />
    <property name="javadoc.splitindex" value="true" />
    <property name="libs.JWSAntTasks.classpath" value="/home/sc/MNT-150GB/DEVEL-TOOLS/netbeans/java/ant/extra/org-netbeans-modules-javawebstart-anttasks.jar" />
    <property name="junit.available" value="true" />
    <property name="javac.processormodulepath" value="" />
    <property name="javadoc.encoding" value="UTF-8" />
    <property name="do.mkdist" value="true" />
    <property name="libs.jsp-compilation-syscp.maven-pom" value="" />
    <property name="netbeans.hash.code" value="unique=0b1f21174-de0f-4620-bc96-3295bac19866_b9d7f85a-7032-497e-80d9-5c7ff4d9775c" />
    <property name="libs.jstl.src" value="" />
    <property name="jlink.strip" value="false" />
    <property name="libs.spring-webmvc3.0.classpath" value="/home/sc/MNT-150GB/DEVEL-TOOLS/netbeans/java/modules/ext/spring-3.0/spring-webmvc-3.2.7.RELEASE.jar" />
    <property name="netbeans.running.environment" value="gnome" />
    <property name="java.runtime.name" value="Java(TM) SE Runtime Environment" />
    <property name="manifest.available" value="true" />
    <property name="libs.jaxb.javadoc" value="/home/sc/MNT-150GB/DEVEL-TOOLS/netbeans/ide/docs/jaxb-api-2.2.5-javadoc.jar" />
    <property name="ant.file.plf2_TelNumberApp-impl" value="/home/sc/MNT-150GB/NC/NOCOMMENT/SC_ALL/GIT/jenkins/plf2_TelNumberApp/nbproject/build-impl.xml" />
    <property name="run.jvmargs.ide" value="" />
    <property name="ant.core.lib" value="/home/sc/MNT-150GB/DEVEL-TOOLS/netbeans/extide/ant/lib/ant.jar" />
    <property name="libs.jsp-compilation.maven-pom" value="" />
    <property name="netbeans.logger.console" value="true" />
    <property name="javac.profile.cmd.line.arg" value="" />
    <property name="do.archive+main.class.available" value="true" />
    <property name="application.title" value="plf2_TelNumberApp" />
    <property name="ignore.failing.tests" value="true" />
    <property name="javac.test.modulepath" value="" />
    <property name="libs.PostgreSQLDriver.javadoc" value="" />
    <property name="libs.jsp-compilation-syscp.classpath" value="/home/sc/MNT-150GB/DEVEL-TOOLS/netbeans/extide/ant/lib/ant.jar:/home/sc/MNT-150GB/DEVEL-TOOLS/netbeans/enterprise/modules/ext/servlet3.1-jsp2.3-api.jar:/home/sc/MNT-150GB/DEVEL-TOOLS/netbeans/enterprise/modules/ext/glassfish-jspparser-4.0.jar:/home/sc/MNT-150GB/DEVEL-TOOLS/netbeans/enterprise/modules/ext/jstl-impl.jar:/home/sc/MNT-150GB/DEVEL-TOOLS/netbeans/enterprise/modules/ext/jsf-2_2/javax.faces.jar" />
    <property name="libs.jsp-compilation.classpath" value="/home/sc/MNT-150GB/DEVEL-TOOLS/netbeans/extide/ant/lib/ant.jar:/home/sc/MNT-150GB/DEVEL-TOOLS/netbeans/enterprise/modules/ext/servlet3.1-jsp2.3-api.jar:/home/sc/MNT-150GB/DEVEL-TOOLS/netbeans/enterprise/modules/ext/glassfish-jspparser-4.0.jar:/home/sc/MNT-150GB/DEVEL-TOOLS/netbeans/enterprise/modules/ext/jsf-2_2/javax.faces.jar:/home/sc/MNT-150GB/DEVEL-TOOLS/netbeans/enterprise/modules/ext/jstl-api.jar:/home/sc/MNT-150GB/DEVEL-TOOLS/netbeans/extide/ant/lib/ant-launcher.jar" />
    <property name="libs.Java-EE-GlassFish-v3-Prelude.classpath" value="/home/sc/glassfish-4.1.1/glassfish/modules/endorsed/jaxb-api.jar:/home/sc/glassfish-4.1.1/glassfish/modules/endorsed/javax.annotation-api.jar:/home/sc/glassfish-4.1.1/glassfish/modules/endorsed/webservices-api-osgi.jar:/home/sc/glassfish-4.1.1/glassfish/modules/javax.inject.jar:/home/sc/glassfish-4.1.1/glassfish/modules/javax.transaction-api.jar:/home/sc/glassfish-4.1.1/glassfish/modules/javax.management.j2ee-api.jar:/home/sc/glassfish-4.1.1/glassfish/modules/cdi-api.jar:/home/sc/glassfish-4.1.1/glassfish/modules/javax.resource-api.jar:/home/sc/glassfish-4.1.1/glassfish/modules/weld-osgi-bundle.jar:/home/sc/glassfish-4.1.1/glassfish/modules/javax.security.jacc-api.jar:/home/sc/glassfish-4.1.1/glassfish/modules/javax.batch-api.jar:/home/sc/glassfish-4.1.1/glassfish/modules/javax.servlet-api.jar:/home/sc/glassfish-4.1.1/glassfish/modules/javax.websocket-api.jar:/home/sc/glassfish-4.1.1/glassfish/modules/javax.ws.rs-api.jar:/home/sc/glassfish-4.1.1/glassfish/modules/webservices-osgi.jar:/home/sc/glassfish-4.1.1/glassfish/modules/javax.servlet.jsp.jar:/home/sc/glassfish-4.1.1/glassfish/modules/javax.security.auth.message-api.jar:/home/sc/glassfish-4.1.1/glassfish/modules/javax.mail.jar:/home/sc/glassfish-4.1.1/glassfish/modules/jaxb-osgi.jar:/home/sc/glassfish-4.1.1/glassfish/modules/javax.enterprise.concurrent-api.jar:/home/sc/glassfish-4.1.1/glassfish/modules/javax.json.jar:/home/sc/glassfish-4.1.1/glassfish/modules/javax.enterprise.deploy-api.jar:/home/sc/glassfish-4.1.1/glassfish/modules/javax.xml.rpc-api.jar:/home/sc/glassfish-4.1.1/glassfish/modules/javax.servlet.jsp-api.jar:/home/sc/glassfish-4.1.1/glassfish/modules/bean-validator.jar:/home/sc/glassfish-4.1.1/glassfish/modules/javax.jms-api.jar:/home/sc/glassfish-4.1.1/glassfish/modules/javax.servlet.jsp.jstl.jar:/home/sc/glassfish-4.1.1/glassfish/modules/javax.servlet.jsp.jstl-api.jar:/home/sc/glassfish-4.1.1/glassfish/modules/javax.interceptor-api.jar:/home/sc/glassfish-4.1.1/glassfish/modules/javax.xml.registry-api.jar:/home/sc/glassfish-4.1.1/glassfish/modules/javax.persistence.jar:/home/sc/glassfish-4.1.1/glassfish/modules/javax.ejb-api.jar:/home/sc/glassfish-4.1.1/glassfish/modules/javax.el.jar:/home/sc/glassfish-4.1.1/glassfish/modules/javax.faces.jar:/home/sc/glassfish-4.1.1/glassfish/modules/javax.enterprise.concurrent.jar:/home/sc/glassfish-4.1.1/mq/lib/jaxm-api.jar" />
    <property name="libs.javaee-api-6.0.classpath" value="/home/sc/MNT-150GB/DEVEL-TOOLS/netbeans/enterprise/modules/ext/javaee-api-6.0.jar" />
    <property name="libs.javaee-api-7.0.classpath" value="/home/sc/MNT-150GB/DEVEL-TOOLS/netbeans/enterprise/modules/ext/javaee-api-7.0.jar" />
    <property name="libs.restapi.maven-pom" value="" />
    <property name="javadoc.preview" value="true" />
    <property name="do.depend" value="false" />
    <property name="sun.arch.data.model" value="64" />
    <property name="nb.show.statistics.ui" value="usageStatisticsEnabled" />
    <property name="sun.font.fontmanager" value="sun.awt.X11FontManager" />
    <property name="libs.javaee-endorsed-api-7.0.src" value="" />
    <property name="annotation.processing.enabled" value="true" />
    <property name="libs.junit_5.src" value="/home/sc/MNT-150GB/DEVEL-TOOLS/netbeans/platform/docs/junit-jupiter-api-5.3.1-sources.jar:/home/sc/MNT-150GB/DEVEL-TOOLS/netbeans/platform/docs/junit-jupiter-params-5.3.1-sources.jar:/home/sc/MNT-150GB/DEVEL-TOOLS/netbeans/platform/docs/junit-jupiter-engine-5.3.1-sources.jar" />
    <property name="libs.jaxb.classpath" value="/home/sc/MNT-150GB/DEVEL-TOOLS/netbeans/ide/modules/ext/jaxb/jaxb-impl-2.2.5-2.jar:/home/sc/MNT-150GB/DEVEL-TOOLS/netbeans/ide/modules/ext/jaxb/jaxb-xjc-2.2.5-2.jar:/home/sc/MNT-150GB/DEVEL-TOOLS/netbeans/ide/modules/ext/jaxb/jaxb1-impl-2.2.5-2.jar:/home/sc/MNT-150GB/DEVEL-TOOLS/netbeans/ide/modules/ext/jaxb/activation.jar:/home/sc/MNT-150GB/DEVEL-TOOLS/netbeans/ide/modules/ext/jaxb/api/jaxb-api.jar" />
    <property name="libs.CopyLibs.src" value="" />
    <property name="java.specification.vendor" value="Oracle Corporation" />
    <property name="javac.source" value="1.8" />
    <property name="java.version.date" value="2019-07-16" />
    <property name="java.home" value="/home/sc/MNT-150GB/DEVEL-TOOLS/java/jdk-12.0.2" />
    <property name="work.dir" value="/home/sc/MNT-150GB/NC/NOCOMMENT/SC_ALL/GIT/jenkins/plf2_TelNumberApp" />
    <property name="javac.test.compilerargs" value="" />
    <property name="jna.boot.library.name" value="jnidispatch-440" />
    <property name="libs.PostgreSQLDriver.classpath" value="/home/sc/MNT-150GB/DEVEL-TOOLS/netbeans/ide/modules/ext/postgresql-42.2.5.jar" />
    <property name="libs.spring-webmvc3.0.javadoc" value="" />
    <property name="libs.JAXB-ENDORSED.src" value="" />
    <property name="manifest.encoding" value="UTF-8" />
    <property name="sun.management.compiler" value="HotSpot 64-Bit Tiered Compilers" />
    <property name="libs.spring-framework400.src" value="" />
    <property name="run.test.modulepath" value="" />
    <property name="libs.maven-dependencies.src" value="" />
    <property name="libs.javaee-web-api-6.0.classpath" value="/home/sc/MNT-150GB/DEVEL-TOOLS/netbeans/enterprise/modules/ext/javaee-web-api-6.0.jar" />
    <property name="libs.jsp-compiler.javadoc" value="" />
    <property name="debug.test.modulepath" value="" />
    <property name="libs.javaee-web-api-7.0.classpath" value="/home/sc/MNT-150GB/DEVEL-TOOLS/netbeans/enterprise/modules/ext/javaee-web-api-7.0.jar" />
    <property name="file.encoding" value="UTF-8" />
    <property name="java.util.logging.config.class" value="org.netbeans.core.startup.TopLogging" />
    <property name="libs.Comet-GlassFish-v3.maven-pom" value="" />
    <property name="https.nonProxyHosts" value="localhost|127.0.0.1|m3800" />
    <property name="libs.restlib.javadoc" value="" />
    <property name="libs.absolutelayout.classpath" value="/home/sc/MNT-150GB/DEVEL-TOOLS/netbeans/java/modules/ext/AbsoluteLayout.jar:/home/sc/MNT-150GB/NC/NOCOMMENT/SC_ALL/JAR-FILES" />
    <property name="do.archive" value="true" />
    <property name="libs.struts.maven-pom" value="" />
    <property name="built-jar.properties" value="/home/sc/MNT-150GB/NC/NOCOMMENT/SC_ALL/GIT/jenkins/plf2_TelNumberApp/build/built-jar.properties" />
    <property name="nb.native.filechooser" value="false" />
    <property name="libs.testng.src" value="" />
    <property name="platform.active" value="default_platform" />
    <property name="manifest.file" value="manifest.mf" />
    <property name="sun.io.unicode.encoding" value="UnicodeLittle" />
    <property name="libs.struts.javadoc" value="/home/sc/MNT-150GB/DEVEL-TOOLS/netbeans/enterprise/docs/struts-1.3.10-javadoc.zip" />
    <property name="sun.desktop" value="gnome" />
    <property name="default.javac.source" value="12" />
    <property name="netbeans.dynamic.classpath" value="/home/sc/MNT-150GB/DEVEL-TOOLS/netbeans/platform/core/core.jar:/home/sc/MNT-150GB/DEVEL-TOOLS/netbeans/platform/core/org-openide-filesystems.jar:/home/sc/MNT-150GB/DEVEL-TOOLS/netbeans/platform/core/asm-all-5.0.1.jar:/home/sc/MNT-150GB/DEVEL-TOOLS/netbeans/platform/core/core-base.jar:/home/sc/MNT-150GB/DEVEL-TOOLS/netbeans/platform/core/org-netbeans-libs-asm.jar:/home/sc/MNT-150GB/DEVEL-TOOLS/netbeans/platform/core/org-openide-filesystems-compat8.jar:/home/sc/MNT-150GB/DEVEL-TOOLS/netbeans/nb/core/org-netbeans-upgrader.jar:/home/sc/MNT-150GB/DEVEL-TOOLS/netbeans/nb/core/locale/core_nb.jar" />
    <property name="libs.eclipselinkmodelgen.classpath" value="/home/sc/MNT-150GB/DEVEL-TOOLS/netbeans/java/modules/ext/eclipselink/org.eclipse.persistence.jpa.modelgen.processor-2.5.2.jar" />
    <property name="netbeans.buildnumber" value="incubator-netbeans-release-404-on-20190319" />
    <property name="endorsed.classpath.cmd.line.arg" value="" />
    <property name="libs.jpa20-persistence.maven-pom" value="" />
    <property name="libs.CopyLibs.maven-pom" value="" />
    <property name="os.name" value="Linux" />
    <property name="build.sysclasspath" value="ignore" />
    <property name="jdkBug6558476" value="false" />
    <property name="http.nonProxyHosts" value="localhost|127.0.0.1|m3800" />
    <property name="javadoc.author" value="false" />
    <property name="main.class" value="gui.PhoneNumberGUI" />
    <property name="libs.jsp-compilation-syscp.javadoc" value="" />
    <property name="source.encoding" value="UTF-8" />
    <property name="jar.compress" value="false" />
    <property name="libs.javaee-api-7.0.javadoc" value="/home/sc/MNT-150GB/DEVEL-TOOLS/netbeans/enterprise/docs/javaee-doc-api.jar" />
    <property name="libs.jsf20.maven-pom" value="" />
    <property name="java.awt.graphicsenv" value="sun.awt.X11GraphicsEnvironment" />
    <property name="libs.restlib.classpath" value="/home/sc/MNT-150GB/DEVEL-TOOLS/netbeans/enterprise/modules/ext/jersey2/ext/asm-all-repackaged-2.2.0-b21.jar:/home/sc/MNT-150GB/DEVEL-TOOLS/netbeans/enterprise/modules/ext/jersey2/ext/cglib-2.2.0-b21.jar:/home/sc/MNT-150GB/DEVEL-TOOLS/netbeans/enterprise/modules/ext/jersey2/ext/guava-14.0.1.jar:/home/sc/MNT-150GB/DEVEL-TOOLS/netbeans/enterprise/modules/ext/jersey2/ext/hk2-api-2.2.0-b21.jar:/home/sc/MNT-150GB/DEVEL-TOOLS/netbeans/enterprise/modules/ext/jersey2/ext/hk2-locator-2.2.0-b21.jar:/home/sc/MNT-150GB/DEVEL-TOOLS/netbeans/enterprise/modules/ext/jersey2/ext/hk2-utils-2.2.0-b21.jar:/home/sc/MNT-150GB/DEVEL-TOOLS/netbeans/enterprise/modules/ext/jersey2/ext/javax.annotation-api-1.2.jar:/home/sc/MNT-150GB/DEVEL-TOOLS/netbeans/enterprise/modules/ext/jersey2/ext/javax.inject-2.2.0-b21.jar:/home/sc/MNT-150GB/DEVEL-TOOLS/netbeans/enterprise/modules/ext/jersey2/ext/javax.servlet-api-3.0.1.jar:/home/sc/MNT-150GB/DEVEL-TOOLS/netbeans/enterprise/modules/ext/jersey2/ext/jaxb-api-2.2.7.jar:/home/sc/MNT-150GB/DEVEL-TOOLS/netbeans/enterprise/modules/ext/jersey2/ext/jersey-entity-filtering-2.5.1.jar:/home/sc/MNT-150GB/DEVEL-TOOLS/netbeans/enterprise/modules/ext/jersey2/ext/jersey-media-moxy-2.5.1.jar:/home/sc/MNT-150GB/DEVEL-TOOLS/netbeans/enterprise/modules/ext/jersey2/ext/org.osgi.core-4.2.0.jar:/home/sc/MNT-150GB/DEVEL-TOOLS/netbeans/enterprise/modules/ext/jersey2/ext/osgi-resource-locator-1.0.1.jar:/home/sc/MNT-150GB/DEVEL-TOOLS/netbeans/enterprise/modules/ext/jersey2/ext/persistence-api-1.0.jar:/home/sc/MNT-150GB/DEVEL-TOOLS/netbeans/enterprise/modules/ext/jersey2/ext/validation-api-1.1.0.Final.jar:/home/sc/MNT-150GB/DEVEL-TOOLS/netbeans/enterprise/modules/ext/jersey2/jersey-client.jar:/home/sc/MNT-150GB/DEVEL-TOOLS/netbeans/enterprise/modules/ext/jersey2/jersey-common.jar:/home/sc/MNT-150GB/DEVEL-TOOLS/netbeans/enterprise/modules/ext/jersey2/jersey-container-servlet.jar:/home/sc/MNT-150GB/DEVEL-TOOLS/netbeans/enterprise/modules/ext/jersey2/jersey-container-servlet-core.jar:/home/sc/MNT-150GB/DEVEL-TOOLS/netbeans/enterprise/modules/ext/jersey2/jersey-server.jar" />
    <property name="apple.awt.graphics.UseQuartz" value="true" />
    <property name="run.jvmargs" value="" />
    <property name="libs.primefaces.src" value="" />
    <property name="ant.file" value="/home/sc/MNT-150GB/NC/NOCOMMENT/SC_ALL/GIT/jenkins/plf2_TelNumberApp/build.xml" />
    <property name="libs.struts.src" value="" />
    <property name="path.separator" value=":" />
    <property name="libs.JAXB-ENDORSED.classpath" value="/home/sc/MNT-150GB/DEVEL-TOOLS/netbeans/ide/modules/ext/jaxb/api/jaxb-api.jar" />
    <property name="libs.restlib.src" value="" />
    <property name="build.test.results.dir" value="build/test/results" />
    <property name="libs.jaxws21.javadoc" value="/home/sc/MNT-150GB/DEVEL-TOOLS/netbeans/java/docs/jaxws-api-doc.zip" />
    <property name="libs.spring-framework400.maven-pom" value="" />
    <property name="ap.processors.internal" value="" />
    <property name="libs.jsf12.classpath" value="/home/sc/MNT-150GB/DEVEL-TOOLS/netbeans/enterprise/modules/ext/jsf-1_2/jsf-api.jar:/home/sc/MNT-150GB/DEVEL-TOOLS/netbeans/enterprise/modules/ext/jsf-1_2/jsf-impl.jar" />
    <property name="libs.Comet-GlassFish-v3.src" value="" />
    <property name="libs.spring-framework400.javadoc" value="" />
    <property name="libs.hamcrest.javadoc" value="" />
    <property name="libs.javac-api.src" value="" />
    <property name="do.jar" value="true" />
    <property name="java.vm.info" value="mixed mode, sharing" />
    <property name="libs.primefaces.classpath" value="/home/sc/MNT-150GB/DEVEL-TOOLS/netbeans/enterprise/modules/ext/primefaces/primefaces-5.0.jar" />
    <property name="libs.jaxws21.maven-pom" value="" />
    <property name="run.test.classpath" value=":build/classes:dist/lib/junit-4.13-rc-1.jar:dist/lib/hamcrest-core-1.3.jar:build/test/classes" />
    <property name="javadoc.encoding.used" value="UTF-8" />
    <property name="java.class.version" value="56.0" />
    <property name="src.dir" value="src" />
    <property name="debug.classpath" value=":build/classes" />
    <property name="ant.project.default-target" value="default" />
    <property name="excludes" value="" />
    <property name="libs.javaee-api-7.0.src" value="" />
    <property name="run.test.jvmargs" value="" />
    <property name="sun.jnu.encoding" value="UTF-8" />
    <property name="libs.spring-webmvc4.0.src" value="" />
    <property name="sun.java2d.dpiaware" value="true" />
    <property name="main.class.available" value="true" />
    <property name="libs.jsf20.javadoc" value="/home/sc/MNT-150GB/DEVEL-TOOLS/netbeans/enterprise/docs/javaee-doc-api.jar" />
    <property name="libs.JAVADB_DRIVER_LABEL.classpath" value="/home/sc/glassfish-4.1.1/javadb/lib/derby.jar:/home/sc/glassfish-4.1.1/javadb/lib/derbyclient.jar:/home/sc/glassfish-4.1.1/javadb/lib/derbynet.jar" />
    <property name="netbeans.importclass" value="org.netbeans.upgrade.AutoUpgrade" />
    <property name="netbeans.autoupdate.version" value="1.23" />
    <property name="empty.dir" value="/home/sc/MNT-150GB/NC/NOCOMMENT/SC_ALL/GIT/jenkins/plf2_TelNumberApp/build/empty" />
    <property name="netbeans.user" value="/home/sc/.netbeans/11.0" />
    <property name="file.separator" value="/" />
    <property name="line.separator" value="&#xa;" />
    <property name="javadoc.additionalparam" value="" />
    <property name="javac.debug" value="true" />
    <property name="libs.restlib.maven-pom" value="" />
    <property name="libs.testng.classpath" value="/home/sc/MNT-150GB/DEVEL-TOOLS/netbeans/platform/modules/ext/testng-6.8.1-dist.jar" />
    <property name="libs.jsp-compiler.src" value="" />
    <property name="libs.Java-EE-GlassFish-v3-Prelude.src" value="" />
    <property name="user.name" value="sc" />
    <property name="build.classes.dir" value="build/classes" />
    <property name="libs.maven-dependencies.javadoc" value="/home/sc/MNT-150GB/DEVEL-TOOLS/netbeans/enterprise/docs/javaee-doc-api.jar" />
    <property name="javadoc.windowtitle" value="" />
    <property name="nb.junit.single" value="false" />
    <property name="nb.internal.action.name" value="test" />
    <property name="libs.jaxws21.src" value="" />
    <property name="libs.maven-dependencies.classpath" value="/home/sc/MNT-150GB/DEVEL-TOOLS/netbeans/enterprise/modules/ext/javaee6-endorsed/javax.annotation.jar:/home/sc/MNT-150GB/DEVEL-TOOLS/netbeans/enterprise/modules/ext/javaee6-endorsed/jaxb-api-osgi.jar:/home/sc/MNT-150GB/DEVEL-TOOLS/netbeans/enterprise/modules/ext/javaee6-endorsed/webservices-api-osgi.jar" />
    <property name="jna.loaded" value="true" />
    <property name="libs.junit_5.maven-pom" value="" />
    <property name="libs.jpa20-persistence.javadoc" value="" />
    <property name="ant.junit.enabletestlistenerevents" value="true" />
    <property name="libs.JWSAntTasks.src" value="" />
    <property name="ant.home" value="/home/sc/MNT-150GB/DEVEL-TOOLS/netbeans/extide/ant" />
    <property name="libs.spring-webmvc3.0.src" value="" />
    <property name="debug.test.classpath" value=":build/classes:dist/lib/junit-4.13-rc-1.jar:dist/lib/hamcrest-core-1.3.jar:build/test/classes" />
    <property name="have.tests" value="true" />
    <property name="javac.external.vm" value="true" />
    <property name="testng.debug.mode" value="" />
    <property name="javac.target" value="1.8" />
    <property name="ant.version" value="Apache Ant(TM) version 1.10.4 compiled on June 19 2018" />
    <property name="libs.EclipseLink-GlassFish-v3.javadoc" value="/home/sc/MNT-150GB/DEVEL-TOOLS/netbeans-8.2/enterprise/docs/javaee-doc-api.jar" />
    <property name="libs.absolutelayout.maven-pom" value="" />
    <property name="jdk.gtk.version" value="2.2" />
    <property name="java.failonerror" value="true" />
    <property name="javac.modulepath" value="" />
    <property name="user.properties.file" value="/home/sc/.netbeans/11.0/build.properties" />
    <property name="libs.javaee-api-6.0.src" value="" />
    <property name="libs.EclipseLink-GlassFish-v3.maven-pom" value="" />
    <property name="netbeans.autoupdate.country" value="AT" />
    <property name="nb.wait.for.caches" value="true" />
    <property name="java.class.path" value="/home/sc/MNT-150GB/NC/NOCOMMENT/SC_ALL/GIT/jenkins/plf2_TelNumberApp/build/classes:/home/sc/MNT-150GB/NC/NOCOMMENT/SC_ALL/GIT/jenkins/plf2_TelNumberApp/dist/lib/junit-4.13-rc-1.jar:/home/sc/MNT-150GB/NC/NOCOMMENT/SC_ALL/GIT/jenkins/plf2_TelNumberApp/dist/lib/hamcrest-core-1.3.jar:/home/sc/MNT-150GB/NC/NOCOMMENT/SC_ALL/GIT/jenkins/plf2_TelNumberApp/build/test/classes:/home/sc/MNT-150GB/DEVEL-TOOLS/netbeans/extide/ant/lib/ant-launcher.jar:/home/sc/MNT-150GB/DEVEL-TOOLS/netbeans/extide/ant/lib/ant.jar:/home/sc/MNT-150GB/DEVEL-TOOLS/netbeans/extide/ant/lib/ant-junit.jar:/home/sc/MNT-150GB/DEVEL-TOOLS/netbeans/extide/ant/lib/ant-junit4.jar" />
    <property name="libs.javaee-web-api-6.0.maven-pom" value="" />
    <property name="java.vm.vendor" value="Oracle Corporation" />
    <property name="ap.supported.internal" value="true" />
    <property name="netbeans.home+have.tests" value="true" />
    <property name="test.binaryexcludes" value="" />
    <property name="javac.compilerargs" value="" />
    <property name="libs.jstl.maven-pom" value="" />
    <property name="sun.cpu.endian" value="little" />
    <property name="user.language" value="de" />
    <property name="copylibs.rebase" value="true" />
    <property name="libs.javaee-web-api-6.0.src" value="" />
    <property name="javadoc.nonavbar" value="false" />
    <property name="ant.java.version" value="12" />
    <property name="jlink.launcher.name" value="plf2_TelNumberApp" />
    <property name="libs.EclipseLink-GlassFish-v3.classpath" value="/home/sc/glassfish-4.1.1/glassfish/modules/org.eclipse.persistence.jpa.modelgen.processor.jar:/home/sc/glassfish-4.1.1/glassfish/modules/org.eclipse.persistence.core.jar:/home/sc/glassfish-4.1.1/glassfish/modules/org.eclipse.persistence.jpa.jpql.jar:/home/sc/glassfish-4.1.1/glassfish/modules/org.eclipse.persistence.asm.jar:/home/sc/glassfish-4.1.1/glassfish/modules/org.eclipse.persistence.antlr.jar:/home/sc/glassfish-4.1.1/glassfish/modules/org.eclipse.persistence.jpa.jar:/home/sc/glassfish-4.1.1/glassfish/modules/org.eclipse.persistence.moxy.jar:/home/sc/glassfish-4.1.1/glassfish/modules/org.eclipse.persistence.oracle.jar:/home/sc/glassfish-4.1.1/glassfish/modules/org.eclipse.persistence.dbws.jar:/home/sc/glassfish-4.1.1/glassfish/modules/javax.persistence.jar" />
    <property name="test.binarytestincludes" value="" />
    <property name="runtime.encoding" value="UTF-8" />
    <property name="libs.jsp-compiler.maven-pom" value="" />
    <property name="javac.classpath" value="" />
    <property name="nb.junit.batch" value="true" />
    <property name="libs.JAVADB_DRIVER_LABEL.maven-pom" value="" />
    <property name="build.test.classes.dir" value="build/test/classes" />
    <property name="libs.spring-framework300.maven-pom" value="" />
    <property name="ant.project.invoked-targets" value="test" />
    <property name="libs.jstl.classpath" value="/home/sc/MNT-150GB/DEVEL-TOOLS/netbeans/enterprise/modules/ext/jstl-impl.jar:/home/sc/MNT-150GB/DEVEL-TOOLS/netbeans/enterprise/modules/ext/jstl-api.jar" />
    <property name="jna.platform.library.path" value="/usr/lib/x86_64-linux-gnu:/lib/x86_64-linux-gnu:/lib64:/usr/lib:/lib:/usr/lib/i386-linux-gnu:/lib/i386-linux-gnu:/lib32:/usr/lib32:/usr/lib/x86_64-linux-gnu/libfakeroot" />
    <property name="ap.cmd.line.internal" value="" />
    <property name="libs.PostgreSQLDriver.src" value="" />
    <property name="java.vendor.url.bug" value="https://bugreport.java.com/bugreport/" />
    <property name="annotation.processing.source.output" value="build/generated-sources/ap-source-output" />
    <property name="user.dir" value="/home/sc/MNT-150GB/NC/NOCOMMENT/SC_ALL/GIT/jenkins/plf2_TelNumberApp" />
    <property name="platform.java" value="/home/sc/MNT-150GB/DEVEL-TOOLS/java/jdk-12.0.2/bin/java" />
    <property name="application.args" value="" />
    <property name="org.xml.sax.driver" value="com.sun.org.apache.xerces.internal.jaxp.SAXParserImpl$JAXPSAXParser" />
    <property name="libs.eclipselink.src" value="" />
    <property name="java.vm.version" value="12.0.2+10" />
    <property name="libs.metro.javadoc" value="/home/sc/MNT-150GB/DEVEL-TOOLS/netbeans/enterprise/docs/webservices-api-javadoc.jar:/home/sc/MNT-150GB/DEVEL-TOOLS/netbeans/enterprise/docs/webservices-extra-javadoc.jar:/home/sc/MNT-150GB/DEVEL-TOOLS/netbeans/enterprise/docs/webservices-extra-api-javadoc.jar:/home/sc/MNT-150GB/DEVEL-TOOLS/netbeans/enterprise/docs/webservices-rt-javadoc.jar:/home/sc/MNT-150GB/DEVEL-TOOLS/netbeans/enterprise/docs/webservices-tools-javadoc.jar" />
    <property name="sun.awt.datatransfer.timeout" value="1000" />
    <property name="libs.javaee-web-api-7.0.src" value="" />
    <property name="junit.forkmode" value="perTest" />
    <property name="libs.jsp-compiler.classpath" value="/home/sc/MNT-150GB/DEVEL-TOOLS/netbeans/enterprise/ant/extra/jspcompile.jar" />
    <property name="annotation.processing.run.all.processors" value="true" />
  </properties>
  <testcase classname="bl.AreaTest" name="testArea[0]" time="0.005" />
  <testcase classname="bl.AreaTest" name="testArea[1]" time="0.0" />
  <testcase classname="bl.AreaTest" name="testArea[2]" time="0.0" />
  <testcase classname="bl.AreaTest" name="testArea[3]" time="0.001" />
  <testcase classname="bl.AreaTest" name="testArea[4]" time="0.001" />
  <testcase classname="bl.AreaTest" name="testArea[5]" time="0.0" />
  <testcase classname="bl.AreaTest" name="testArea[6]" time="0.0" />
  <testcase classname="bl.AreaTest" name="testArea[7]" time="0.001" />
  <testcase classname="bl.AreaTest" name="testArea[8]" time="0.0" />
  <testcase classname="bl.AreaTest" name="testArea[9]" time="0.0" />
  <testcase classname="bl.AreaTest" name="testArea[10]" time="0.001" />
  <testcase classname="bl.AreaTest" name="testArea[11]" time="0.0" />
  <system-out><![CDATA[getArea (+43/1/12.34.56) W
getArea (+43/2/12.34.56) NÖ
getArea (+43/3/12.34.56) ST
getArea (+43/4/12.34.56) K
getArea (+43/5/12.34.56) T-V
getArea (+43/60/12.34.56) S
getArea (+43/61/12.34.56) S
getArea (+43/64/12.34.56) S
getArea (+43/65/12.34.56) Mobil
getArea (+43/667/12.34.56) Mobil
getArea (+43/69/12.34.56) Mobil
getArea (+43/7/12.34.56) OÖ
]]></system-out>
  <system-err><![CDATA[]]></system-err>
</testsuite>
